<?xml version="1.0" encoding="UTF-8"?>
<testng-results skipped="0" failed="0" ignored="0" total="1" passed="1">
  <reporter-output>
  </reporter-output>
  <suite name="Default suite" duration-ms="33973" started-at="2020-02-04T09:13:09Z" finished-at="2020-02-04T09:13:43Z">
    <groups>
    </groups>
    <test name="Default test" duration-ms="33973" started-at="2020-02-04T09:13:09Z" finished-at="2020-02-04T09:13:43Z">
      <class name="com.crm.qa.testcases.e2eTestCase">
        <test-method status="PASS" signature="openBroswer()[pri:0, instance:com.crm.qa.testcases.e2eTestCase@26653222]" name="openBroswer" is-config="true" duration-ms="8517" started-at="2020-02-04T14:43:09Z" finished-at="2020-02-04T14:43:18Z">
          <reporter-output>
          </reporter-output>
        </test-method> <!-- openBroswer -->
        <test-method status="PASS" signature="e2eTest()[pri:0, instance:com.crm.qa.testcases.e2eTestCase@26653222]" name="e2eTest" duration-ms="24570" started-at="2020-02-04T14:43:18Z" finished-at="2020-02-04T14:43:42Z">
          <reporter-output>
          </reporter-output>
        </test-method> <!-- e2eTest -->
        <test-method status="PASS" signature="closeBrowser()[pri:0, instance:com.crm.qa.testcases.e2eTestCase@26653222]" name="closeBrowser" is-config="true" duration-ms="852" started-at="2020-02-04T14:43:42Z" finished-at="2020-02-04T14:43:43Z">
          <reporter-output>
          </reporter-output>
        </test-method> <!-- closeBrowser -->
      </class> <!-- com.crm.qa.testcases.e2eTestCase -->
    </test> <!-- Default test -->
  </suite> <!-- Default suite -->
</testng-results>
